# JRE version: Java(TM) SE Runtime Environment (8.0_73-b02) (build 1.8.0_73-b02)
# Java VM: Java HotSpot(TM) Client VM (25.73-b02 mixed mode windows-x86 )
Heap:
 def new generation   total 4928K, used 2307K [0x04800000, 0x04d50000, 0x09d50000)
  eden space 4416K,  47% used [0x04800000, 0x04a09058, 0x04c50000)
  from space 512K,  43% used [0x04c50000, 0x04c87f80, 0x04cd0000)
  to   space 512K,   0% used [0x04cd0000, 0x04cd0000, 0x04d50000)
 tenured generation   total 10944K, used 10673K [0x09d50000, 0x0a800000, 0x14800000)
   the space 10944K,  97% used [0x09d50000, 0x0a7bc5e8, 0x0a7bc600, 0x0a800000)
 Metaspace       used 10992K, capacity 11817K, committed 11904K, reserved 12672K
GC Heap History (10 events):
Event: 3.132 GC heap before
{Heap before GC invocations=7 (full 0):
 def new generation   total 4928K, used 4928K [0x04800000, 0x04d50000, 0x09d50000)
  eden space 4416K, 100% used [0x04800000, 0x04c50000, 0x04c50000)
  from space 512K, 100% used [0x04cd0000, 0x04d50000, 0x04d50000)
  to   space 512K,   0% used [0x04c50000, 0x04c50000, 0x04cd0000)
 tenured generation   total 10944K, used 4548K [0x09d50000, 0x0a800000, 0x14800000)
   the space 10944K,  41% used [0x09d50000, 0x0a1c1218, 0x0a1c1400, 0x0a800000)
 Metaspace       used 9897K, capacity 10612K, committed 10624K, reserved 10624K
Event: 3.142 GC heap after
Heap after GC invocations=8 (full 0):
 def new generation   total 4928K, used 274K [0x04800000, 0x04d50000, 0x09d50000)
  eden space 4416K,   0% used [0x04800000, 0x04800000, 0x04c50000)
  from space 512K,  53% used [0x04c50000, 0x04c948b8, 0x04cd0000)
  to   space 512K,   0% used [0x04cd0000, 0x04cd0000, 0x04d50000)
 tenured generation   total 10944K, used 6983K [0x09d50000, 0x0a800000, 0x14800000)
   the space 10944K,  63% used [0x09d50000, 0x0a421e18, 0x0a422000, 0x0a800000)
 Metaspace       used 9897K, capacity 10612K, committed 10624K, reserved 10624K
}
Event: 5.519 GC heap before
{Heap before GC invocations=8 (full 0):
 def new generation   total 4928K, used 4690K [0x04800000, 0x04d50000, 0x09d50000)
  eden space 4416K, 100% used [0x04800000, 0x04c50000, 0x04c50000)
  from space 512K,  53% used [0x04c50000, 0x04c948b8, 0x04cd0000)
  to   space 512K,   0% used [0x04cd0000, 0x04cd0000, 0x04d50000)
 tenured generation   total 10944K, used 6983K [0x09d50000, 0x0a800000, 0x14800000)
   the space 10944K,  63% used [0x09d50000, 0x0a421e18, 0x0a422000, 0x0a800000)
 Metaspace       used 10219K, capacity 10990K, committed 11008K, reserved 11648K
Event: 5.526 GC heap after
Heap after GC invocations=9 (full 0):
 def new generation   total 4928K, used 208K [0x04800000, 0x04d50000, 0x09d50000)
  eden space 4416K,   0% used [0x04800000, 0x04800000, 0x04c50000)
  from space 512K,  40% used [0x04cd0000, 0x04d04028, 0x04d50000)
  to   space 512K,   0% used [0x04c50000, 0x04c50000, 0x04cd0000)
 tenured generation   total 10944K, used 9282K [0x09d50000, 0x0a800000, 0x14800000)
   the space 10944K,  84% used [0x09d50000, 0x0a660888, 0x0a660a00, 0x0a800000)
 Metaspace       used 10219K, capacity 10990K, committed 11008K, reserved 11648K
}
Event: 10.385 GC heap before
{Heap before GC invocations=9 (full 0):
 def new generation   total 4928K, used 4624K [0x04800000, 0x04d50000, 0x09d50000)
  eden space 4416K, 100% used [0x04800000, 0x04c50000, 0x04c50000)
  from space 512K,  40% used [0x04cd0000, 0x04d04028, 0x04d50000)
  to   space 512K,   0% used [0x04c50000, 0x04c50000, 0x04cd0000)
 tenured generation   total 10944K, used 9282K [0x09d50000, 0x0a800000, 0x14800000)
   the space 10944K,  84% used [0x09d50000, 0x0a660888, 0x0a660a00, 0x0a800000)
 Metaspace       used 10544K, capacity 11365K, committed 11392K, reserved 11648K
Event: 10.393 GC heap after
Heap after GC invocations=10 (full 0):
 def new generation   total 4928K, used 512K [0x04800000, 0x04d50000, 0x09d50000)
  eden space 4416K,   0% used [0x04800000, 0x04800000, 0x04c50000)
  from space 512K, 100% used [0x04c50000, 0x04cd0000, 0x04cd0000)
  to   space 512K,   0% used [0x04cd0000, 0x04cd0000, 0x04d50000)
 tenured generation   total 10944K, used 9460K [0x09d50000, 0x0a800000, 0x14800000)
   the space 10944K,  86% used [0x09d50000, 0x0a68d148, 0x0a68d200, 0x0a800000)
 Metaspace       used 10544K, capacity 11365K, committed 11392K, reserved 11648K
}
Event: 13.429 GC heap before
{Heap before GC invocations=10 (full 0):
 def new generation   total 4928K, used 4928K [0x04800000, 0x04d50000, 0x09d50000)
  eden space 4416K, 100% used [0x04800000, 0x04c50000, 0x04c50000)
  from space 512K, 100% used [0x04c50000, 0x04cd0000, 0x04cd0000)
  to   space 512K,   0% used [0x04cd0000, 0x04cd0000, 0x04d50000)
 tenured generation   total 10944K, used 9460K [0x09d50000, 0x0a800000, 0x14800000)
   the space 10944K,  86% used [0x09d50000, 0x0a68d148, 0x0a68d200, 0x0a800000)
 Metaspace       used 10801K, capacity 11652K, committed 11776K, reserved 12672K
Event: 13.440 GC heap after
Heap after GC invocations=11 (full 0):
 def new generation   total 4928K, used 512K [0x04800000, 0x04d50000, 0x09d50000)
  eden space 4416K,   0% used [0x04800000, 0x04800000, 0x04c50000)
  from space 512K, 100% used [0x04cd0000, 0x04d50000, 0x04d50000)
  to   space 512K,   0% used [0x04c50000, 0x04c50000, 0x04cd0000)
 tenured generation   total 10944K, used 10194K [0x09d50000, 0x0a800000, 0x14800000)
   the space 10944K,  93% used [0x09d50000, 0x0a744bc0, 0x0a744c00, 0x0a800000)
 Metaspace       used 10801K, capacity 11652K, committed 11776K, reserved 12672K
}
Event: 33.195 GC heap before
{Heap before GC invocations=11 (full 0):
 def new generation   total 4928K, used 4928K [0x04800000, 0x04d50000, 0x09d50000)
  eden space 4416K, 100% used [0x04800000, 0x04c50000, 0x04c50000)
  from space 512K, 100% used [0x04cd0000, 0x04d50000, 0x04d50000)
  to   space 512K,   0% used [0x04c50000, 0x04c50000, 0x04cd0000)
 tenured generation   total 10944K, used 10194K [0x09d50000, 0x0a800000, 0x14800000)
   the space 10944K,  93% used [0x09d50000, 0x0a744bc0, 0x0a744c00, 0x0a800000)
 Metaspace       used 10992K, capacity 11817K, committed 11904K, reserved 12672K
Event: 33.204 GC heap after
Heap after GC invocations=12 (full 0):
 def new generation   total 4928K, used 223K [0x04800000, 0x04d50000, 0x09d50000)
  eden space 4416K,   0% used [0x04800000, 0x04800000, 0x04c50000)
  from space 512K,  43% used [0x04c50000, 0x04c87f80, 0x04cd0000)
  to   space 512K,   0% used [0x04cd0000, 0x04cd0000, 0x04d50000)
 tenured generation   total 10944K, used 10673K [0x09d50000, 0x0a800000, 0x14800000)
   the space 10944K,  97% used [0x09d50000, 0x0a7bc5e8, 0x0a7bc600, 0x0a800000)
 Metaspace       used 10992K, capacity 11817K, committed 11904K, reserved 12672K
}

