# JRE version: Java(TM) SE Runtime Environment (8.0_73-b02) (build 1.8.0_73-b02)
# Java VM: Java HotSpot(TM) Client VM (25.73-b02 mixed mode, sharing windows-x86 )
Heap:
 def new generation   total 4928K, used 4331K [0x04200000, 0x04750000, 0x09750000)
  eden space 4416K,  86% used [0x04200000, 0x045bac18, 0x04650000)
  from space 512K, 100% used [0x046d0000, 0x04750000, 0x04750000)
  to   space 512K,   0% used [0x04650000, 0x04650000, 0x046d0000)
 tenured generation   total 10944K, used 7047K [0x09750000, 0x0a200000, 0x14200000)
   the space 10944K,  64% used [0x09750000, 0x09e31fe8, 0x09e32000, 0x0a200000)
 Metaspace       used 7544K, capacity 9574K, committed 9600K, reserved 9600K
GC Heap History (10 events):
Event: 1.906 GC heap before
{Heap before GC invocations=4 (full 0):
 def new generation   total 4928K, used 4876K [0x04200000, 0x04750000, 0x09750000)
  eden space 4416K, 100% used [0x04200000, 0x04650000, 0x04650000)
  from space 512K,  89% used [0x04650000, 0x046c31c8, 0x046d0000)
  to   space 512K,   0% used [0x046d0000, 0x046d0000, 0x04750000)
 tenured generation   total 10944K, used 2472K [0x09750000, 0x0a200000, 0x14200000)
   the space 10944K,  22% used [0x09750000, 0x099ba0b0, 0x099ba200, 0x0a200000)
 Metaspace       used 5369K, capacity 7278K, committed 7296K, reserved 7552K
Event: 1.912 GC heap after
Heap after GC invocations=5 (full 0):
 def new generation   total 4928K, used 449K [0x04200000, 0x04750000, 0x09750000)
  eden space 4416K,   0% used [0x04200000, 0x04200000, 0x04650000)
  from space 512K,  87% used [0x046d0000, 0x047406d8, 0x04750000)
  to   space 512K,   0% used [0x04650000, 0x04650000, 0x046d0000)
 tenured generation   total 10944K, used 2875K [0x09750000, 0x0a200000, 0x14200000)
   the space 10944K,  26% used [0x09750000, 0x09a1ed68, 0x09a1ee00, 0x0a200000)
 Metaspace       used 5369K, capacity 7278K, committed 7296K, reserved 7552K
}
Event: 2.221 GC heap before
{Heap before GC invocations=5 (full 0):
 def new generation   total 4928K, used 4865K [0x04200000, 0x04750000, 0x09750000)
  eden space 4416K, 100% used [0x04200000, 0x04650000, 0x04650000)
  from space 512K,  87% used [0x046d0000, 0x047406d8, 0x04750000)
  to   space 512K,   0% used [0x04650000, 0x04650000, 0x046d0000)
 tenured generation   total 10944K, used 2875K [0x09750000, 0x0a200000, 0x14200000)
   the space 10944K,  26% used [0x09750000, 0x09a1ed68, 0x09a1ee00, 0x0a200000)
 Metaspace       used 6111K, capacity 8069K, committed 8192K, reserved 8576K
Event: 2.229 GC heap after
Heap after GC invocations=6 (full 0):
 def new generation   total 4928K, used 512K [0x04200000, 0x04750000, 0x09750000)
  eden space 4416K,   0% used [0x04200000, 0x04200000, 0x04650000)
  from space 512K, 100% used [0x04650000, 0x046d0000, 0x046d0000)
  to   space 512K,   0% used [0x046d0000, 0x046d0000, 0x04750000)
 tenured generation   total 10944K, used 3498K [0x09750000, 0x0a200000, 0x14200000)
   the space 10944K,  31% used [0x09750000, 0x09aba870, 0x09abaa00, 0x0a200000)
 Metaspace       used 6111K, capacity 8069K, committed 8192K, reserved 8576K
}
Event: 2.573 GC heap before
{Heap before GC invocations=6 (full 0):
 def new generation   total 4928K, used 4928K [0x04200000, 0x04750000, 0x09750000)
  eden space 4416K, 100% used [0x04200000, 0x04650000, 0x04650000)
  from space 512K, 100% used [0x04650000, 0x046d0000, 0x046d0000)
  to   space 512K,   0% used [0x046d0000, 0x046d0000, 0x04750000)
 tenured generation   total 10944K, used 3498K [0x09750000, 0x0a200000, 0x14200000)
   the space 10944K,  31% used [0x09750000, 0x09aba870, 0x09abaa00, 0x0a200000)
 Metaspace       used 6593K, capacity 8624K, committed 8704K, reserved 9600K
Event: 2.587 GC heap after
Heap after GC invocations=7 (full 0):
 def new generation   total 4928K, used 512K [0x04200000, 0x04750000, 0x09750000)
  eden space 4416K,   0% used [0x04200000, 0x04200000, 0x04650000)
  from space 512K, 100% used [0x046d0000, 0x04750000, 0x04750000)
  to   space 512K,   0% used [0x04650000, 0x04650000, 0x046d0000)
 tenured generation   total 10944K, used 4545K [0x09750000, 0x0a200000, 0x14200000)
   the space 10944K,  41% used [0x09750000, 0x09bc0780, 0x09bc0800, 0x0a200000)
 Metaspace       used 6593K, capacity 8624K, committed 8704K, reserved 9600K
}
Event: 3.637 GC heap before
{Heap before GC invocations=7 (full 0):
 def new generation   total 4928K, used 4928K [0x04200000, 0x04750000, 0x09750000)
  eden space 4416K, 100% used [0x04200000, 0x04650000, 0x04650000)
  from space 512K, 100% used [0x046d0000, 0x04750000, 0x04750000)
  to   space 512K,   0% used [0x04650000, 0x04650000, 0x046d0000)
 tenured generation   total 10944K, used 4545K [0x09750000, 0x0a200000, 0x14200000)
   the space 10944K,  41% used [0x09750000, 0x09bc0780, 0x09bc0800, 0x0a200000)
 Metaspace       used 7160K, capacity 9213K, committed 9216K, reserved 9600K
Event: 3.648 GC heap after
Heap after GC invocations=8 (full 0):
 def new generation   total 4928K, used 224K [0x04200000, 0x04750000, 0x09750000)
  eden space 4416K,   0% used [0x04200000, 0x04200000, 0x04650000)
  from space 512K,  43% used [0x04650000, 0x04688118, 0x046d0000)
  to   space 512K,   0% used [0x046d0000, 0x046d0000, 0x04750000)
 tenured generation   total 10944K, used 6978K [0x09750000, 0x0a200000, 0x14200000)
   the space 10944K,  63% used [0x09750000, 0x09e20a58, 0x09e20c00, 0x0a200000)
 Metaspace       used 7160K, capacity 9213K, committed 9216K, reserved 9600K
}
Event: 4.140 GC heap before
{Heap before GC invocations=8 (full 0):
 def new generation   total 4928K, used 2729K [0x04200000, 0x04750000, 0x09750000)
  eden space 4416K,  56% used [0x04200000, 0x044724a8, 0x04650000)
  from space 512K,  43% used [0x04650000, 0x04688118, 0x046d0000)
  to   space 512K,   0% used [0x046d0000, 0x046d0000, 0x04750000)
 tenured generation   total 10944K, used 6978K [0x09750000, 0x0a200000, 0x14200000)
   the space 10944K,  63% used [0x09750000, 0x09e20a58, 0x09e20c00, 0x0a200000)
 Metaspace       used 7315K, capacity 9414K, committed 9472K, reserved 9600K
Event: 4.148 GC heap after
Heap after GC invocations=9 (full 0):
 def new generation   total 4928K, used 512K [0x04200000, 0x04750000, 0x09750000)
  eden space 4416K,   0% used [0x04200000, 0x04200000, 0x04650000)
  from space 512K, 100% used [0x046d0000, 0x04750000, 0x04750000)
  to   space 512K,   0% used [0x04650000, 0x04650000, 0x046d0000)
 tenured generation   total 10944K, used 7047K [0x09750000, 0x0a200000, 0x14200000)
   the space 10944K,  64% used [0x09750000, 0x09e31fe8, 0x09e32000, 0x0a200000)
 Metaspace       used 7315K, capacity 9414K, committed 9472K, reserved 9600K
}

